# JRE version: OpenJDK Runtime Environment Temurin-21.0.10+7 (21.0.10+7) (build 21.0.10+7-LTS)
# Java VM: OpenJDK 64-Bit Server VM Temurin-21.0.10+7 (21.0.10+7-LTS, mixed mode, sharing, tiered, compressed oops, compressed class ptrs, parallel gc, windows-amd64)
GC Precious Log:
 CardTable entry size: 512
 CPUs: 8 total, 8 available
 Memory: 16077M
 Large Page Support: Disabled
 NUMA Support: Disabled
 Compressed Oops: Enabled (32-bit)
 Alignments: Space 512K, Generation 512K, Heap 2M
 Heap Min Capacity: 100M
 Heap Initial Capacity: 100M
 Heap Max Capacity: 2G
 Pre-touch: Disabled
 Parallel Workers: 8
Heap:
 PSYoungGen      total 3072K, used 1873K [0x00000000d5580000, 0x00000000d5900000, 0x0000000100000000)
  eden space 2560K, 66% used [0x00000000d5580000,0x00000000d572c6d8,0x00000000d5800000)
  from space 512K, 31% used [0x00000000d5800000,0x00000000d5828000,0x00000000d5880000)
  to   space 512K, 0% used [0x00000000d5880000,0x00000000d5880000,0x00000000d5900000)
 ParOldGen       total 1297920K, used 1297704K [0x0000000080000000, 0x00000000cf380000, 0x00000000d5580000)
  object space 1297920K, 99% used [0x0000000080000000,0x00000000cf34a018,0x00000000cf380000)
 Metaspace       used 98193K, committed 99968K, reserved 1179648K
  class space    used 9668K, committed 10432K, reserved 1048576K
GC Heap History (20 events):
Event: 16985.731 GC heap before
{Heap before GC invocations=13278 (full 11):
 PSYoungGen      total 1536K, used 1056K [0x00000000d5580000, 0x00000000d5a00000, 0x0000000100000000)
  eden space 512K, 100% used [0x00000000d5580000,0x00000000d5600000,0x00000000d5600000)
  from space 1024K, 53% used [0x00000000d5600000,0x00000000d5688000,0x00000000d5700000)
  to   space 1536K, 0% used [0x00000000d5880000,0x00000000d5880000,0x00000000d5a00000)
 ParOldGen       total 1292800K, used 1292783K [0x0000000080000000, 0x00000000cee80000, 0x00000000d5580000)
  object space 1292800K, 99% used [0x0000000080000000,0x00000000cee7bf58,0x00000000cee80000)
 Metaspace       used 98193K, committed 99968K, reserved 1179648K
  class space    used 9668K, committed 10432K, reserved 1048576K
}
Event: 16985.733 GC heap after
{Heap after GC invocations=13278 (full 11):
 PSYoungGen      total 2048K, used 608K [0x00000000d5580000, 0x00000000d5980000, 0x0000000100000000)
  eden space 1024K, 0% used [0x00000000d5580000,0x00000000d5580000,0x00000000d5680000)
  from space 1024K, 59% used [0x00000000d5880000,0x00000000d5918000,0x00000000d5980000)
  to   space 1024K, 0% used [0x00000000d5780000,0x00000000d5780000,0x00000000d5880000)
 ParOldGen       total 1293312K, used 1293255K [0x0000000080000000, 0x00000000cef00000, 0x00000000d5580000)
  object space 1293312K, 99% used [0x0000000080000000,0x00000000ceef1f58,0x00000000cef00000)
 Metaspace       used 98193K, committed 99968K, reserved 1179648K
  class space    used 9668K, committed 10432K, reserved 1048576K
}
Event: 16985.734 GC heap before
{Heap before GC invocations=13279 (full 11):
 PSYoungGen      total 2048K, used 1632K [0x00000000d5580000, 0x00000000d5980000, 0x0000000100000000)
  eden space 1024K, 100% used [0x00000000d5580000,0x00000000d5680000,0x00000000d5680000)
  from space 1024K, 59% used [0x00000000d5880000,0x00000000d5918000,0x00000000d5980000)
  to   space 1024K, 0% used [0x00000000d5780000,0x00000000d5780000,0x00000000d5880000)
 ParOldGen       total 1293312K, used 1293255K [0x0000000080000000, 0x00000000cef00000, 0x00000000d5580000)
  object space 1293312K, 99% used [0x0000000080000000,0x00000000ceef1f58,0x00000000cef00000)
 Metaspace       used 98193K, committed 99968K, reserved 1179648K
  class space    used 9668K, committed 10432K, reserved 1048576K
}
Event: 16985.736 GC heap after
{Heap after GC invocations=13279 (full 11):
 PSYoungGen      total 2048K, used 512K [0x00000000d5580000, 0x00000000d5900000, 0x0000000100000000)
  eden space 1536K, 0% used [0x00000000d5580000,0x00000000d5580000,0x00000000d5700000)
  from space 512K, 100% used [0x00000000d5780000,0x00000000d5800000,0x00000000d5800000)
  to   space 1024K, 0% used [0x00000000d5800000,0x00000000d5800000,0x00000000d5900000)
 ParOldGen       total 1293824K, used 1293743K [0x0000000080000000, 0x00000000cef80000, 0x00000000d5580000)
  object space 1293824K, 99% used [0x0000000080000000,0x00000000cef6bf58,0x00000000cef80000)
 Metaspace       used 98193K, committed 99968K, reserved 1179648K
  class space    used 9668K, committed 10432K, reserved 1048576K
}
Event: 16985.737 GC heap before
{Heap before GC invocations=13280 (full 11):
 PSYoungGen      total 2048K, used 2048K [0x00000000d5580000, 0x00000000d5900000, 0x0000000100000000)
  eden space 1536K, 100% used [0x00000000d5580000,0x00000000d5700000,0x00000000d5700000)
  from space 512K, 100% used [0x00000000d5780000,0x00000000d5800000,0x00000000d5800000)
  to   space 1024K, 0% used [0x00000000d5800000,0x00000000d5800000,0x00000000d5900000)
 ParOldGen       total 1293824K, used 1293743K [0x0000000080000000, 0x00000000cef80000, 0x00000000d5580000)
  object space 1293824K, 99% used [0x0000000080000000,0x00000000cef6bf58,0x00000000cef80000)
 Metaspace       used 98193K, committed 99968K, reserved 1179648K
  class space    used 9668K, committed 10432K, reserved 1048576K
}
Event: 16985.741 GC heap after
{Heap after GC invocations=13280 (full 11):
 PSYoungGen      total 2560K, used 512K [0x00000000d5580000, 0x00000000d5980000, 0x0000000100000000)
  eden space 1536K, 0% used [0x00000000d5580000,0x00000000d5580000,0x00000000d5700000)
  from space 1024K, 50% used [0x00000000d5800000,0x00000000d5880000,0x00000000d5900000)
  to   space 1024K, 0% used [0x00000000d5700000,0x00000000d5700000,0x00000000d5800000)
 ParOldGen       total 1294336K, used 1294047K [0x0000000080000000, 0x00000000cf000000, 0x00000000d5580000)
  object space 1294336K, 99% used [0x0000000080000000,0x00000000cefb7f58,0x00000000cf000000)
 Metaspace       used 98193K, committed 99968K, reserved 1179648K
  class space    used 9668K, committed 10432K, reserved 1048576K
}
Event: 16985.742 GC heap before
{Heap before GC invocations=13281 (full 11):
 PSYoungGen      total 2560K, used 2047K [0x00000000d5580000, 0x00000000d5980000, 0x0000000100000000)
  eden space 1536K, 99% used [0x00000000d5580000,0x00000000d56fff78,0x00000000d5700000)
  from space 1024K, 50% used [0x00000000d5800000,0x00000000d5880000,0x00000000d5900000)
  to   space 1024K, 0% used [0x00000000d5700000,0x00000000d5700000,0x00000000d5800000)
 ParOldGen       total 1294336K, used 1294047K [0x0000000080000000, 0x00000000cf000000, 0x00000000d5580000)
  object space 1294336K, 99% used [0x0000000080000000,0x00000000cefb7f58,0x00000000cf000000)
 Metaspace       used 98193K, committed 99968K, reserved 1179648K
  class space    used 9668K, committed 10432K, reserved 1048576K
}
Event: 16985.745 GC heap after
{Heap after GC invocations=13281 (full 11):
 PSYoungGen      total 2560K, used 480K [0x00000000d5580000, 0x00000000d5880000, 0x0000000100000000)
  eden space 1536K, 0% used [0x00000000d5580000,0x00000000d5580000,0x00000000d5700000)
  from space 1024K, 46% used [0x00000000d5700000,0x00000000d5778000,0x00000000d5800000)
  to   space 512K, 0% used [0x00000000d5800000,0x00000000d5800000,0x00000000d5880000)
 ParOldGen       total 1294848K, used 1294506K [0x0000000080000000, 0x00000000cf080000, 0x00000000d5580000)
  object space 1294848K, 99% used [0x0000000080000000,0x00000000cf02aac8,0x00000000cf080000)
 Metaspace       used 98193K, committed 99968K, reserved 1179648K
  class space    used 9668K, committed 10432K, reserved 1048576K
}
Event: 16985.750 GC heap before
{Heap before GC invocations=13282 (full 11):
 PSYoungGen      total 2560K, used 2016K [0x00000000d5580000, 0x00000000d5880000, 0x0000000100000000)
  eden space 1536K, 100% used [0x00000000d5580000,0x00000000d5700000,0x00000000d5700000)
  from space 1024K, 46% used [0x00000000d5700000,0x00000000d5778000,0x00000000d5800000)
  to   space 512K, 0% used [0x00000000d5800000,0x00000000d5800000,0x00000000d5880000)
 ParOldGen       total 1294848K, used 1294506K [0x0000000080000000, 0x00000000cf080000, 0x00000000d5580000)
  object space 1294848K, 99% used [0x0000000080000000,0x00000000cf02aac8,0x00000000cf080000)
 Metaspace       used 98193K, committed 99968K, reserved 1179648K
  class space    used 9668K, committed 10432K, reserved 1048576K
}
Event: 16985.751 GC heap after
{Heap after GC invocations=13282 (full 11):
 PSYoungGen      total 2048K, used 496K [0x00000000d5580000, 0x00000000d5980000, 0x0000000100000000)
  eden space 1536K, 0% used [0x00000000d5580000,0x00000000d5580000,0x00000000d5700000)
  from space 512K, 96% used [0x00000000d5800000,0x00000000d587c010,0x00000000d5880000)
  to   space 1024K, 0% used [0x00000000d5700000,0x00000000d5700000,0x00000000d5800000)
 ParOldGen       total 1295360K, used 1294897K [0x0000000080000000, 0x00000000cf100000, 0x00000000d5580000)
  object space 1295360K, 99% used [0x0000000080000000,0x00000000cf08c6d8,0x00000000cf100000)
 Metaspace       used 98193K, committed 99968K, reserved 1179648K
  class space    used 9668K, committed 10432K, reserved 1048576K
}
Event: 16985.754 GC heap before
{Heap before GC invocations=13283 (full 11):
 PSYoungGen      total 2048K, used 2025K [0x00000000d5580000, 0x00000000d5980000, 0x0000000100000000)
  eden space 1536K, 99% used [0x00000000d5580000,0x00000000d56fe620,0x00000000d5700000)
  from space 512K, 96% used [0x00000000d5800000,0x00000000d587c010,0x00000000d5880000)
  to   space 1024K, 0% used [0x00000000d5700000,0x00000000d5700000,0x00000000d5800000)
 ParOldGen       total 1295360K, used 1294897K [0x0000000080000000, 0x00000000cf100000, 0x00000000d5580000)
  object space 1295360K, 99% used [0x0000000080000000,0x00000000cf08c6d8,0x00000000cf100000)
 Metaspace       used 98193K, committed 99968K, reserved 1179648K
  class space    used 9668K, committed 10432K, reserved 1048576K
}
Event: 16985.755 GC heap after
{Heap after GC invocations=13283 (full 11):
 PSYoungGen      total 2560K, used 626K [0x00000000d5580000, 0x00000000d5980000, 0x0000000100000000)
  eden space 1536K, 0% used [0x00000000d5580000,0x00000000d5580000,0x00000000d5700000)
  from space 1024K, 61% used [0x00000000d5700000,0x00000000d579c810,0x00000000d5800000)
  to   space 1024K, 0% used [0x00000000d5880000,0x00000000d5880000,0x00000000d5980000)
 ParOldGen       total 1295360K, used 1295302K [0x0000000080000000, 0x00000000cf100000, 0x00000000d5580000)
  object space 1295360K, 99% used [0x0000000080000000,0x00000000cf0f1b68,0x00000000cf100000)
 Metaspace       used 98193K, committed 99968K, reserved 1179648K
  class space    used 9668K, committed 10432K, reserved 1048576K
}
Event: 16985.774 GC heap before
{Heap before GC invocations=13284 (full 11):
 PSYoungGen      total 2560K, used 2151K [0x00000000d5580000, 0x00000000d5980000, 0x0000000100000000)
  eden space 1536K, 99% used [0x00000000d5580000,0x00000000d56fd710,0x00000000d5700000)
  from space 1024K, 61% used [0x00000000d5700000,0x00000000d579c810,0x00000000d5800000)
  to   space 1024K, 0% used [0x00000000d5880000,0x00000000d5880000,0x00000000d5980000)
 ParOldGen       total 1297408K, used 1297064K [0x0000000080000000, 0x00000000cf300000, 0x00000000d5580000)
  object space 1297408K, 99% used [0x0000000080000000,0x00000000cf2aa018,0x00000000cf300000)
 Metaspace       used 98193K, committed 99968K, reserved 1179648K
  class space    used 9668K, committed 10432K, reserved 1048576K
}
Event: 16985.775 GC heap after
{Heap after GC invocations=13284 (full 11):
 PSYoungGen      total 3072K, used 422K [0x00000000d5580000, 0x00000000d5980000, 0x0000000100000000)
  eden space 2048K, 0% used [0x00000000d5580000,0x00000000d5580000,0x00000000d5780000)
  from space 1024K, 41% used [0x00000000d5880000,0x00000000d58e9860,0x00000000d5980000)
  to   space 1024K, 0% used [0x00000000d5780000,0x00000000d5780000,0x00000000d5880000)
 ParOldGen       total 1297920K, used 1297576K [0x0000000080000000, 0x00000000cf380000, 0x00000000d5580000)
  object space 1297920K, 99% used [0x0000000080000000,0x00000000cf32a018,0x00000000cf380000)
 Metaspace       used 98193K, committed 99968K, reserved 1179648K
  class space    used 9668K, committed 10432K, reserved 1048576K
}
Event: 16985.974 GC heap before
{Heap before GC invocations=13285 (full 11):
 PSYoungGen      total 3072K, used 2470K [0x00000000d5580000, 0x00000000d5980000, 0x0000000100000000)
  eden space 2048K, 100% used [0x00000000d5580000,0x00000000d5780000,0x00000000d5780000)
  from space 1024K, 41% used [0x00000000d5880000,0x00000000d58e9860,0x00000000d5980000)
  to   space 1024K, 0% used [0x00000000d5780000,0x00000000d5780000,0x00000000d5880000)
 ParOldGen       total 1297920K, used 1297576K [0x0000000080000000, 0x00000000cf380000, 0x00000000d5580000)
  object space 1297920K, 99% used [0x0000000080000000,0x00000000cf32a018,0x00000000cf380000)
 Metaspace       used 98193K, committed 99968K, reserved 1179648K
  class space    used 9668K, committed 10432K, reserved 1048576K
}
Event: 16985.975 GC heap after
{Heap after GC invocations=13285 (full 11):
 PSYoungGen      total 3072K, used 224K [0x00000000d5580000, 0x00000000d5900000, 0x0000000100000000)
  eden space 2048K, 0% used [0x00000000d5580000,0x00000000d5580000,0x00000000d5780000)
  from space 1024K, 21% used [0x00000000d5780000,0x00000000d57b8000,0x00000000d5880000)
  to   space 512K, 0% used [0x00000000d5880000,0x00000000d5880000,0x00000000d5900000)
 ParOldGen       total 1297920K, used 1297624K [0x0000000080000000, 0x00000000cf380000, 0x00000000d5580000)
  object space 1297920K, 99% used [0x0000000080000000,0x00000000cf336018,0x00000000cf380000)
 Metaspace       used 98193K, committed 99968K, reserved 1179648K
  class space    used 9668K, committed 10432K, reserved 1048576K
}
Event: 16985.997 GC heap before
{Heap before GC invocations=13286 (full 11):
 PSYoungGen      total 3072K, used 730K [0x00000000d5580000, 0x00000000d5900000, 0x0000000100000000)
  eden space 2048K, 24% used [0x00000000d5580000,0x00000000d55fe8b0,0x00000000d5780000)
  from space 1024K, 21% used [0x00000000d5780000,0x00000000d57b8000,0x00000000d5880000)
  to   space 512K, 0% used [0x00000000d5880000,0x00000000d5880000,0x00000000d5900000)
 ParOldGen       total 1297920K, used 1297624K [0x0000000080000000, 0x00000000cf380000, 0x00000000d5580000)
  object space 1297920K, 99% used [0x0000000080000000,0x00000000cf336018,0x00000000cf380000)
 Metaspace       used 98193K, committed 99968K, reserved 1179648K
  class space    used 9668K, committed 10432K, reserved 1048576K
}
Event: 16985.998 GC heap after
{Heap after GC invocations=13286 (full 11):
 PSYoungGen      total 3072K, used 224K [0x00000000d5580000, 0x00000000d5900000, 0x0000000100000000)
  eden space 2560K, 0% used [0x00000000d5580000,0x00000000d5580000,0x00000000d5800000)
  from space 512K, 43% used [0x00000000d5880000,0x00000000d58b8000,0x00000000d5900000)
  to   space 512K, 0% used [0x00000000d5800000,0x00000000d5800000,0x00000000d5880000)
 ParOldGen       total 1297920K, used 1297664K [0x0000000080000000, 0x00000000cf380000, 0x00000000d5580000)
  object space 1297920K, 99% used [0x0000000080000000,0x00000000cf340018,0x00000000cf380000)
 Metaspace       used 98193K, committed 99968K, reserved 1179648K
  class space    used 9668K, committed 10432K, reserved 1048576K
}
Event: 16986.014 GC heap before
{Heap before GC invocations=13287 (full 11):
 PSYoungGen      total 3072K, used 2784K [0x00000000d5580000, 0x00000000d5900000, 0x0000000100000000)
  eden space 2560K, 100% used [0x00000000d5580000,0x00000000d5800000,0x00000000d5800000)
  from space 512K, 43% used [0x00000000d5880000,0x00000000d58b8000,0x00000000d5900000)
  to   space 512K, 0% used [0x00000000d5800000,0x00000000d5800000,0x00000000d5880000)
 ParOldGen       total 1297920K, used 1297664K [0x0000000080000000, 0x00000000cf380000, 0x00000000d5580000)
  object space 1297920K, 99% used [0x0000000080000000,0x00000000cf340018,0x00000000cf380000)
 Metaspace       used 98193K, committed 99968K, reserved 1179648K
  class space    used 9668K, committed 10432K, reserved 1048576K
}
Event: 16986.016 GC heap after
{Heap after GC invocations=13287 (full 11):
 PSYoungGen      total 3072K, used 160K [0x00000000d5580000, 0x00000000d5900000, 0x0000000100000000)
  eden space 2560K, 0% used [0x00000000d5580000,0x00000000d5580000,0x00000000d5800000)
  from space 512K, 31% used [0x00000000d5800000,0x00000000d5828000,0x00000000d5880000)
  to   space 512K, 0% used [0x00000000d5880000,0x00000000d5880000,0x00000000d5900000)
 ParOldGen       total 1297920K, used 1297704K [0x0000000080000000, 0x00000000cf380000, 0x00000000d5580000)
  object space 1297920K, 99% used [0x0000000080000000,0x00000000cf34a018,0x00000000cf380000)
 Metaspace       used 98193K, committed 99968K, reserved 1179648K
  class space    used 9668K, committed 10432K, reserved 1048576K
}

